E:\MYCODE\READCODE\NOTEPAD_PLUS.10.SRC\POWEREDITOR\VISUAL.NET\DEBUG\ABOUTDLG.OBJ
E:\MyCode\readCode\notepad_plus.10.src\PowerEditor\visual.net\Debug\cl.command.1.tlog
E:\MyCode\readCode\notepad_plus.10.src\PowerEditor\visual.net\Debug\CL.read.1.tlog
E:\MyCode\readCode\notepad_plus.10.src\PowerEditor\visual.net\Debug\CL.write.1.tlog
E:\MYCODE\READCODE\NOTEPAD_PLUS.10.SRC\POWEREDITOR\VISUAL.NET\DEBUG\CONTROLSTAB.OBJ
E:\MYCODE\READCODE\NOTEPAD_PLUS.10.SRC\POWEREDITOR\VISUAL.NET\DEBUG\DOCTABVIEW.OBJ
E:\MYCODE\READCODE\NOTEPAD_PLUS.10.SRC\POWEREDITOR\VISUAL.NET\DEBUG\FILEDIALOG.OBJ
E:\MYCODE\READCODE\NOTEPAD_PLUS.10.SRC\POWEREDITOR\VISUAL.NET\DEBUG\FINDREPLACEDLG.OBJ
E:\MYCODE\READCODE\NOTEPAD_PLUS.10.SRC\POWEREDITOR\VISUAL.NET\DEBUG\IMAGELISTSET.OBJ
E:\MyCode\readCode\notepad_plus.10.src\PowerEditor\visual.net\Debug\link.command.1.tlog
E:\MyCode\readCode\notepad_plus.10.src\PowerEditor\visual.net\Debug\link.read.1.tlog
E:\MyCode\readCode\notepad_plus.10.src\PowerEditor\visual.net\Debug\link.write.1.tlog
E:\MyCode\readCode\notepad_plus.10.src\PowerEditor\visual.net\Debug\link-cvtres.read.1.tlog
E:\MyCode\readCode\notepad_plus.10.src\PowerEditor\visual.net\Debug\link-cvtres.write.1.tlog
E:\MyCode\readCode\notepad_plus.10.src\PowerEditor\visual.net\Debug\mt.command.1.tlog
E:\MyCode\readCode\notepad_plus.10.src\PowerEditor\visual.net\Debug\mt.read.1.tlog
E:\MyCode\readCode\notepad_plus.10.src\PowerEditor\visual.net\Debug\mt.write.1.tlog
E:\MYCODE\READCODE\NOTEPAD_PLUS.10.SRC\POWEREDITOR\VISUAL.NET\DEBUG\NOTEPAD_PLUS.OBJ
E:\MYCODE\READCODE\NOTEPAD_PLUS.10.SRC\POWEREDITOR\VISUAL.NET\DEBUG\NOTEPAD_PLUS.RES
E:\MYCODE\READCODE\NOTEPAD_PLUS.10.SRC\POWEREDITOR\VISUAL.NET\DEBUG\NOTEPAD++.EXE.EMBED.MANIFEST
E:\MYCODE\READCODE\NOTEPAD_PLUS.10.SRC\POWEREDITOR\VISUAL.NET\DEBUG\NOTEPAD++.EXE.EMBED.MANIFEST.RES
E:\MYCODE\READCODE\NOTEPAD_PLUS.10.SRC\POWEREDITOR\VISUAL.NET\DEBUG\NOTEPAD++.EXE.INTERMEDIATE.MANIFEST
E:\MyCode\readCode\notepad_plus.10.src\PowerEditor\visual.net\Debug\Notepad++.write.1.tlog
E:\MyCode\readCode\notepad_plus.10.src\PowerEditor\visual.net\Debug\Notepad++_manifest.rc
E:\MYCODE\READCODE\NOTEPAD_PLUS.10.SRC\POWEREDITOR\VISUAL.NET\DEBUG\NOTEPADPLUS.PDB
E:\MyCode\readCode\notepad_plus.10.src\PowerEditor\visual.net\Debug\notepadPlus.vcxprojResolveAssemblyReference.cache
E:\MYCODE\READCODE\NOTEPAD_PLUS.10.SRC\POWEREDITOR\VISUAL.NET\DEBUG\NOTEPADPLUS_DEBUG.EXE
E:\MYCODE\READCODE\NOTEPAD_PLUS.10.SRC\POWEREDITOR\VISUAL.NET\DEBUG\NOTEPADPLUS_DEBUG.ILK
E:\MYCODE\READCODE\NOTEPAD_PLUS.10.SRC\POWEREDITOR\VISUAL.NET\DEBUG\PARAMETERS.OBJ
E:\MYCODE\READCODE\NOTEPAD_PLUS.10.SRC\POWEREDITOR\VISUAL.NET\DEBUG\PRINTER.OBJ
E:\MYCODE\READCODE\NOTEPAD_PLUS.10.SRC\POWEREDITOR\VISUAL.NET\DEBUG\PROCESS.OBJ
E:\MyCode\readCode\notepad_plus.10.src\PowerEditor\visual.net\Debug\rc.command.1.tlog
E:\MyCode\readCode\notepad_plus.10.src\PowerEditor\visual.net\Debug\rc.read.1.tlog
E:\MyCode\readCode\notepad_plus.10.src\PowerEditor\visual.net\Debug\rc.write.1.tlog
E:\MYCODE\READCODE\NOTEPAD_PLUS.10.SRC\POWEREDITOR\VISUAL.NET\DEBUG\SCINTILLAEDITVIEW.OBJ
E:\MYCODE\READCODE\NOTEPAD_PLUS.10.SRC\POWEREDITOR\VISUAL.NET\DEBUG\SPLITTER.OBJ
E:\MYCODE\READCODE\NOTEPAD_PLUS.10.SRC\POWEREDITOR\VISUAL.NET\DEBUG\SPLITTERCONTAINER.OBJ
E:\MYCODE\READCODE\NOTEPAD_PLUS.10.SRC\POWEREDITOR\VISUAL.NET\DEBUG\STATICDIALOG.OBJ
E:\MYCODE\READCODE\NOTEPAD_PLUS.10.SRC\POWEREDITOR\VISUAL.NET\DEBUG\STATUSBAR.OBJ
E:\MYCODE\READCODE\NOTEPAD_PLUS.10.SRC\POWEREDITOR\VISUAL.NET\DEBUG\SYSMSG.OBJ
E:\MYCODE\READCODE\NOTEPAD_PLUS.10.SRC\POWEREDITOR\VISUAL.NET\DEBUG\TABBAR.OBJ
E:\MYCODE\READCODE\NOTEPAD_PLUS.10.SRC\POWEREDITOR\VISUAL.NET\DEBUG\TOOLBAR.OBJ
E:\MYCODE\READCODE\NOTEPAD_PLUS.10.SRC\POWEREDITOR\VISUAL.NET\DEBUG\URLCTRL.OBJ
E:\MYCODE\READCODE\NOTEPAD_PLUS.10.SRC\POWEREDITOR\VISUAL.NET\DEBUG\USERDEFINEDIALOG.OBJ
E:\MYCODE\READCODE\NOTEPAD_PLUS.10.SRC\POWEREDITOR\VISUAL.NET\DEBUG\USERDEFINEDIALOG.RES
E:\MyCode\readCode\notepad_plus.10.src\PowerEditor\visual.net\Debug\vc100.idb
E:\MYCODE\READCODE\NOTEPAD_PLUS.10.SRC\POWEREDITOR\VISUAL.NET\DEBUG\VC100.PDB
E:\MYCODE\READCODE\NOTEPAD_PLUS.10.SRC\POWEREDITOR\VISUAL.NET\DEBUG\WINMAIN.OBJ
