E:\MYCODE\READCODE\NOTEPAD_PLUS.10.SRC\POWEREDITOR\BIN\NOTEPAD++.EXE
E:\MyCode\readCode\notepad_plus.10.src\PowerEditor\visual.net\..\bin\Notepad++.exe
E:\MYCODE\READCODE\NOTEPAD_PLUS.10.SRC\POWEREDITOR\VISUAL.NET\RELEASE\ABOUTDLG.OBJ
E:\MyCode\readCode\notepad_plus.10.src\PowerEditor\visual.net\Release\cl.command.1.tlog
E:\MyCode\readCode\notepad_plus.10.src\PowerEditor\visual.net\Release\CL.read.1.tlog
E:\MyCode\readCode\notepad_plus.10.src\PowerEditor\visual.net\Release\CL.write.1.tlog
E:\MYCODE\READCODE\NOTEPAD_PLUS.10.SRC\POWEREDITOR\VISUAL.NET\RELEASE\CONTROLSTAB.OBJ
E:\MYCODE\READCODE\NOTEPAD_PLUS.10.SRC\POWEREDITOR\VISUAL.NET\RELEASE\DOCTABVIEW.OBJ
E:\MYCODE\READCODE\NOTEPAD_PLUS.10.SRC\POWEREDITOR\VISUAL.NET\RELEASE\FILEDIALOG.OBJ
E:\MYCODE\READCODE\NOTEPAD_PLUS.10.SRC\POWEREDITOR\VISUAL.NET\RELEASE\FINDREPLACEDLG.OBJ
E:\MYCODE\READCODE\NOTEPAD_PLUS.10.SRC\POWEREDITOR\VISUAL.NET\RELEASE\IMAGELISTSET.OBJ
E:\MyCode\readCode\notepad_plus.10.src\PowerEditor\visual.net\Release\link.command.1.tlog
E:\MyCode\readCode\notepad_plus.10.src\PowerEditor\visual.net\Release\link.read.1.tlog
E:\MyCode\readCode\notepad_plus.10.src\PowerEditor\visual.net\Release\link.write.1.tlog
E:\MyCode\readCode\notepad_plus.10.src\PowerEditor\visual.net\Release\link-cvtres.read.1.tlog
E:\MyCode\readCode\notepad_plus.10.src\PowerEditor\visual.net\Release\link-cvtres.write.1.tlog
E:\MyCode\readCode\notepad_plus.10.src\PowerEditor\visual.net\Release\mt.command.1.tlog
E:\MyCode\readCode\notepad_plus.10.src\PowerEditor\visual.net\Release\mt.read.1.tlog
E:\MyCode\readCode\notepad_plus.10.src\PowerEditor\visual.net\Release\mt.write.1.tlog
E:\MYCODE\READCODE\NOTEPAD_PLUS.10.SRC\POWEREDITOR\VISUAL.NET\RELEASE\NOTEPAD_PLUS.OBJ
E:\MYCODE\READCODE\NOTEPAD_PLUS.10.SRC\POWEREDITOR\VISUAL.NET\RELEASE\NOTEPAD_PLUS.RES
E:\MYCODE\READCODE\NOTEPAD_PLUS.10.SRC\POWEREDITOR\VISUAL.NET\RELEASE\NOTEPAD++.EXE.INTERMEDIATE.MANIFEST
E:\MyCode\readCode\notepad_plus.10.src\PowerEditor\visual.net\Release\Notepad++.write.1.tlog
E:\MyCode\readCode\notepad_plus.10.src\PowerEditor\visual.net\Release\notepadPlus.vcxprojResolveAssemblyReference.cache
E:\MYCODE\READCODE\NOTEPAD_PLUS.10.SRC\POWEREDITOR\VISUAL.NET\RELEASE\PARAMETERS.OBJ
E:\MYCODE\READCODE\NOTEPAD_PLUS.10.SRC\POWEREDITOR\VISUAL.NET\RELEASE\PRINTER.OBJ
E:\MYCODE\READCODE\NOTEPAD_PLUS.10.SRC\POWEREDITOR\VISUAL.NET\RELEASE\PROCESS.OBJ
E:\MyCode\readCode\notepad_plus.10.src\PowerEditor\visual.net\Release\rc.command.1.tlog
E:\MyCode\readCode\notepad_plus.10.src\PowerEditor\visual.net\Release\rc.read.1.tlog
E:\MyCode\readCode\notepad_plus.10.src\PowerEditor\visual.net\Release\rc.write.1.tlog
E:\MYCODE\READCODE\NOTEPAD_PLUS.10.SRC\POWEREDITOR\VISUAL.NET\RELEASE\SCINTILLAEDITVIEW.OBJ
E:\MYCODE\READCODE\NOTEPAD_PLUS.10.SRC\POWEREDITOR\VISUAL.NET\RELEASE\SPLITTER.OBJ
E:\MYCODE\READCODE\NOTEPAD_PLUS.10.SRC\POWEREDITOR\VISUAL.NET\RELEASE\SPLITTERCONTAINER.OBJ
E:\MYCODE\READCODE\NOTEPAD_PLUS.10.SRC\POWEREDITOR\VISUAL.NET\RELEASE\STATICDIALOG.OBJ
E:\MYCODE\READCODE\NOTEPAD_PLUS.10.SRC\POWEREDITOR\VISUAL.NET\RELEASE\STATUSBAR.OBJ
E:\MYCODE\READCODE\NOTEPAD_PLUS.10.SRC\POWEREDITOR\VISUAL.NET\RELEASE\SYSMSG.OBJ
E:\MYCODE\READCODE\NOTEPAD_PLUS.10.SRC\POWEREDITOR\VISUAL.NET\RELEASE\TABBAR.OBJ
E:\MYCODE\READCODE\NOTEPAD_PLUS.10.SRC\POWEREDITOR\VISUAL.NET\RELEASE\TOOLBAR.OBJ
E:\MYCODE\READCODE\NOTEPAD_PLUS.10.SRC\POWEREDITOR\VISUAL.NET\RELEASE\URLCTRL.OBJ
E:\MYCODE\READCODE\NOTEPAD_PLUS.10.SRC\POWEREDITOR\VISUAL.NET\RELEASE\USERDEFINEDIALOG.OBJ
E:\MYCODE\READCODE\NOTEPAD_PLUS.10.SRC\POWEREDITOR\VISUAL.NET\RELEASE\USERDEFINEDIALOG.RES
E:\MYCODE\READCODE\NOTEPAD_PLUS.10.SRC\POWEREDITOR\VISUAL.NET\RELEASE\VC100.PDB
E:\MYCODE\READCODE\NOTEPAD_PLUS.10.SRC\POWEREDITOR\VISUAL.NET\RELEASE\WINMAIN.OBJ
